TN:
SF:src\js-foundation\01-template.js
FN:2,Object.<anonymous>
FNF:1
FNH:1
FNDA:1,Object.<anonymous>
DA:1,1
DA:2,1
DA:3,1
DA:4,1
DA:5,1
DA:6,1
DA:7,1
DA:8,1
DA:9,1
DA:10,1
DA:11,1
DA:12,1
LF:12
LH:12
BRDA:2,0,0,1
BRDA:2,1,0,1
BRF:2
BRH:2
end_of_record
TN:
SF:src\js-foundation\02-destructuring.js
FN:1,Object.<anonymous>
FNF:1
FNH:1
FNDA:1,Object.<anonymous>
DA:1,1
DA:2,1
DA:3,1
DA:4,1
DA:5,1
DA:6,1
DA:7,1
DA:8,1
LF:8
LH:8
BRDA:1,0,0,1
BRDA:1,1,0,1
BRF:2
BRH:2
end_of_record
TN:
SF:src\js-foundation\03-callbacks.js
FN:1,Object.<anonymous>
FN:11,getUserById
FNF:2
FNH:2
FNDA:1,Object.<anonymous>
FNDA:2,getUserById
DA:1,1
DA:2,1
DA:3,1
DA:4,1
DA:5,1
DA:6,1
DA:7,1
DA:8,1
DA:9,1
DA:10,1
DA:11,2
DA:12,2
DA:13,3
DA:14,2
DA:15,2
DA:16,2
DA:17,1
DA:18,1
DA:19,1
DA:20,2
DA:21,1
DA:22,1
DA:23,1
DA:24,1
LF:24
LH:24
BRDA:1,0,0,1
BRDA:1,1,0,1
BRDA:11,2,0,2
BRDA:16,3,0,1
BRDA:12,4,0,3
BRF:5
BRH:5
end_of_record
TN:
SF:src\js-foundation\05-factory.js
FN:2,Object.<anonymous>
FN:9,buildMakePerson
FNF:2
FNH:2
FNDA:1,Object.<anonymous>
FNDA:2,buildMakePerson
DA:1,1
DA:2,1
DA:3,1
DA:4,1
DA:5,1
DA:6,1
DA:7,1
DA:8,1
DA:9,1
DA:10,2
DA:11,2
DA:12,1
DA:13,1
DA:14,1
DA:15,1
DA:16,1
DA:17,1
DA:18,1
DA:19,2
DA:20,1
DA:21,1
DA:22,1
DA:23,1
DA:24,1
DA:25,1
DA:26,1
DA:27,1
DA:28,1
DA:29,1
DA:30,1
LF:30
LH:30
BRDA:2,0,0,1
BRDA:2,1,0,1
BRDA:9,2,0,2
BRDA:11,3,0,1
BRF:4
BRH:4
end_of_record
TN:
SF:src\js-foundation\06-promises.js
FN:2,Object.<anonymous>
FN:3,getPokemonById
FNF:2
FNH:1
FNDA:1,Object.<anonymous>
FNDA:0,getPokemonById
DA:1,1
DA:2,1
DA:3,1
DA:4,0
DA:5,0
DA:6,0
DA:7,0
DA:8,0
DA:9,0
DA:10,0
DA:11,0
DA:12,0
DA:13,0
DA:14,0
DA:15,0
DA:16,0
DA:17,0
DA:18,0
DA:19,0
DA:20,0
DA:21,1
DA:22,1
DA:23,1
LF:23
LH:6
BRDA:2,0,0,1
BRDA:2,1,0,1
BRF:2
BRH:2
end_of_record
TN:
SF:src\plugins\get-age.plugin.js
FN:1,Object.<anonymous>
FN:3,getAge
FNF:2
FNH:2
FNDA:3,Object.<anonymous>
FNDA:2,getAge
DA:1,3
DA:2,3
DA:3,3
DA:4,2
DA:5,2
DA:6,2
DA:7,2
DA:8,3
DA:9,3
DA:10,3
DA:11,3
LF:11
LH:11
BRDA:1,0,0,3
BRDA:1,1,0,3
BRDA:3,2,0,2
BRDA:4,3,0,0
BRF:4
BRH:3
end_of_record
TN:
SF:src\plugins\get-id.plugin.js
FN:1,Object.<anonymous>
FN:4,getUUID
FNF:2
FNH:2
FNDA:3,Object.<anonymous>
FNDA:1,getUUID
DA:1,3
DA:2,3
DA:3,3
DA:4,3
DA:5,1
DA:6,1
DA:7,3
DA:8,3
DA:9,3
LF:9
LH:9
BRDA:1,0,0,3
BRDA:1,1,0,3
BRDA:4,2,0,1
BRF:3
BRH:3
end_of_record
TN:
SF:src\plugins\http-client.plugin.js
FN:1,Object.<anonymous>
FN:5,get
FN:13,post
FN:14,put
FN:15,delete
FNF:5
FNH:1
FNDA:4,Object.<anonymous>
FNDA:0,get
FNDA:0,post
FNDA:0,put
FNDA:0,delete
DA:1,4
DA:2,4
DA:3,4
DA:4,4
DA:5,4
DA:6,0
DA:7,0
DA:8,0
DA:9,0
DA:10,0
DA:11,4
DA:12,4
DA:13,4
DA:14,4
DA:15,4
DA:16,4
DA:17,4
DA:18,4
DA:19,4
DA:20,4
LF:20
LH:15
BRDA:1,0,0,4
BRDA:1,1,0,4
BRF:2
BRH:2
end_of_record
TN:
SF:src\plugins\index.js
FN:2,Object.<anonymous>
FNF:1
FNH:1
FNDA:3,Object.<anonymous>
DA:1,1
DA:2,3
DA:3,3
DA:4,3
DA:5,3
DA:6,3
DA:7,3
DA:8,3
DA:9,3
DA:10,3
LF:10
LH:10
BRDA:2,0,0,3
BRDA:2,1,0,3
BRF:2
BRH:2
end_of_record
TN:
SF:src\plugins\logger.plugin.ts
FN:35,buildLogger
FN:37,log
FN:40,error
FNF:3
FNH:2
FNDA:2,buildLogger
FNDA:1,log
FNDA:0,error
DA:1,1
DA:2,1
DA:3,1
DA:4,1
DA:5,1
DA:6,1
DA:7,1
DA:8,1
DA:9,1
DA:10,1
DA:11,1
DA:12,1
DA:13,1
DA:14,1
DA:15,1
DA:16,1
DA:17,1
DA:18,1
DA:19,1
DA:20,1
DA:21,1
DA:22,1
DA:23,1
DA:24,1
DA:25,1
DA:26,1
DA:27,1
DA:28,1
DA:29,1
DA:30,1
DA:31,1
DA:32,1
DA:33,1
DA:34,1
DA:35,1
DA:36,2
DA:37,2
DA:38,1
DA:39,2
DA:40,2
DA:41,0
DA:42,0
DA:43,0
DA:44,0
DA:45,0
DA:46,2
DA:47,2
DA:48,2
LF:48
LH:43
BRDA:35,0,0,2
BRDA:37,1,0,1
BRF:2
BRH:2
end_of_record
